<?xml version="1.0" encoding="UTF-8" ?>
<testsuite failures="0" time="0.002" errors="0" skipped="0" tests="0" name="LaserTest">
  <properties>
    <property name="java.runtime.name" value="Java(TM) SE Runtime Environment"/>
    <property name="sun.boot.library.path" value="/usr/local/java/jdk1.7.0_67/jre/lib/amd64"/>
    <property name="java.vm.version" value="24.65-b04"/>
    <property name="java.vm.vendor" value="Oracle Corporation"/>
    <property name="java.vendor.url" value="http://java.oracle.com/"/>
    <property name="path.separator" value=":"/>
    <property name="java.vm.name" value="Java HotSpot(TM) 64-Bit Server VM"/>
    <property name="file.encoding.pkg" value="sun.io"/>
    <property name="user.country" value="CN"/>
    <property name="sun.java.launcher" value="SUN_STANDARD"/>
    <property name="sun.os.patch.level" value="unknown"/>
    <property name="java.vm.specification.name" value="Java Virtual Machine Specification"/>
    <property name="user.dir" value="/usr/local/louis/org.louis-parent/org.louis.laser"/>
    <property name="java.runtime.version" value="1.7.0_67-b01"/>
    <property name="java.awt.graphicsenv" value="sun.awt.X11GraphicsEnvironment"/>
    <property name="basedir" value="/usr/local/louis/org.louis-parent/org.louis.laser"/>
    <property name="java.endorsed.dirs" value="/usr/local/java/jdk1.7.0_67/jre/lib/endorsed"/>
    <property name="os.arch" value="amd64"/>
    <property name="surefire.real.class.path" value="/usr/local/louis/org.louis-parent/org.louis.laser/target/surefire/surefirebooter3713315230901310974.jar"/>
    <property name="java.io.tmpdir" value="/tmp"/>
    <property name="line.separator" value="
"/>
    <property name="java.vm.specification.vendor" value="Oracle Corporation"/>
    <property name="os.name" value="Linux"/>
    <property name="sun.jnu.encoding" value="UTF-8"/>
    <property name="java.library.path" value="/usr/local/java/jdk1.7.0_67/jre/lib/amd64/server:/usr/local/java/jdk1.7.0_67/jre/lib/amd64:/usr/local/java/jdk1.7.0_67/jre/../lib/amd64:/workspace/myeclipse10.7.1/Common/binary/com.sun.java.jdk.linux.x86_64_1.6.0.013/jre/lib/amd64/server:/workspace/myeclipse10.7.1/Common/binary/com.sun.java.jdk.linux.x86_64_1.6.0.013/jre/lib/amd64:/workspace/myeclipse10.7.1/Common/binary/com.sun.java.jdk.linux.x86_64_1.6.0.013/jre/../lib/amd64:.:/lib64:/usr/lib64:/opt/qt-everywhere-opensource-src-4.8.4/lib:/usr/java/packages/lib/amd64:/usr/lib64:/lib64:/lib:/usr/lib"/>
    <property name="surefire.test.class.path" value="/usr/local/louis/org.louis-parent/org.louis.laser/target/test-classes:/usr/local/louis/org.louis-parent/org.louis.laser/target/classes:/server/apache-maven-3.2.2/.m2/repository/org/msgpack/msgpack/0.6.11/msgpack-0.6.11.jar:/server/apache-maven-3.2.2/.m2/repository/com/googlecode/json-simple/json-simple/1.1.1/json-simple-1.1.1.jar:/server/apache-maven-3.2.2/.m2/repository/org/javassist/javassist/3.18.1-GA/javassist-3.18.1-GA.jar:/server/apache-maven-3.2.2/.m2/repository/org/objenesis/objenesis/2.1/objenesis-2.1.jar:/server/louis/lib/org.louis.logger-0.1.jar:/server/apache-maven-3.2.2/.m2/repository/org/slf4j/slf4j-api/1.6.6/slf4j-api-1.6.6.jar:/server/apache-maven-3.2.2/.m2/repository/org/slf4j/slf4j-log4j12/1.6.6/slf4j-log4j12-1.6.6.jar:/server/apache-maven-3.2.2/.m2/repository/log4j/log4j/1.2.17/log4j-1.2.17.jar:"/>
    <property name="java.specification.name" value="Java Platform API Specification"/>
    <property name="java.class.version" value="51.0"/>
    <property name="sun.management.compiler" value="HotSpot 64-Bit Tiered Compilers"/>
    <property name="os.version" value="3.10.10-200.fc19.x86_64"/>
    <property name="user.home" value="/root"/>
    <property name="user.timezone" value=""/>
    <property name="java.awt.printerjob" value="sun.print.PSPrinterJob"/>
    <property name="file.encoding" value="UTF-8"/>
    <property name="java.specification.version" value="1.7"/>
    <property name="user.name" value="root"/>
    <property name="java.class.path" value="/usr/local/louis/org.louis-parent/org.louis.laser/target/test-classes:/usr/local/louis/org.louis-parent/org.louis.laser/target/classes:/server/apache-maven-3.2.2/.m2/repository/org/msgpack/msgpack/0.6.11/msgpack-0.6.11.jar:/server/apache-maven-3.2.2/.m2/repository/com/googlecode/json-simple/json-simple/1.1.1/json-simple-1.1.1.jar:/server/apache-maven-3.2.2/.m2/repository/org/javassist/javassist/3.18.1-GA/javassist-3.18.1-GA.jar:/server/apache-maven-3.2.2/.m2/repository/org/objenesis/objenesis/2.1/objenesis-2.1.jar:/server/louis/lib/org.louis.logger-0.1.jar:/server/apache-maven-3.2.2/.m2/repository/org/slf4j/slf4j-api/1.6.6/slf4j-api-1.6.6.jar:/server/apache-maven-3.2.2/.m2/repository/org/slf4j/slf4j-log4j12/1.6.6/slf4j-log4j12-1.6.6.jar:/server/apache-maven-3.2.2/.m2/repository/log4j/log4j/1.2.17/log4j-1.2.17.jar:"/>
    <property name="java.vm.specification.version" value="1.7"/>
    <property name="sun.arch.data.model" value="64"/>
    <property name="java.home" value="/usr/local/java/jdk1.7.0_67/jre"/>
    <property name="sun.java.command" value="/usr/local/louis/org.louis-parent/org.louis.laser/target/surefire/surefirebooter3713315230901310974.jar /usr/local/louis/org.louis-parent/org.louis.laser/target/surefire/surefire2865185385686897152tmp /usr/local/louis/org.louis-parent/org.louis.laser/target/surefire/surefire316350659087911467tmp"/>
    <property name="java.specification.vendor" value="Oracle Corporation"/>
    <property name="user.language" value="zh"/>
    <property name="awt.toolkit" value="sun.awt.X11.XToolkit"/>
    <property name="java.vm.info" value="mixed mode"/>
    <property name="java.version" value="1.7.0_67"/>
    <property name="java.ext.dirs" value="/usr/local/java/jdk1.7.0_67/jre/lib/ext:/usr/java/packages/lib/ext"/>
    <property name="sun.boot.class.path" value="/usr/local/java/jdk1.7.0_67/jre/lib/resources.jar:/usr/local/java/jdk1.7.0_67/jre/lib/rt.jar:/usr/local/java/jdk1.7.0_67/jre/lib/sunrsasign.jar:/usr/local/java/jdk1.7.0_67/jre/lib/jsse.jar:/usr/local/java/jdk1.7.0_67/jre/lib/jce.jar:/usr/local/java/jdk1.7.0_67/jre/lib/charsets.jar:/usr/local/java/jdk1.7.0_67/jre/lib/jfr.jar:/usr/local/java/jdk1.7.0_67/jre/classes"/>
    <property name="java.vendor" value="Oracle Corporation"/>
    <property name="localRepository" value="/server/apache-maven-3.2.2/.m2/repository"/>
    <property name="file.separator" value="/"/>
    <property name="java.vendor.url.bug" value="http://bugreport.sun.com/bugreport/"/>
    <property name="sun.cpu.endian" value="little"/>
    <property name="sun.io.unicode.encoding" value="UnicodeLittle"/>
    <property name="sun.desktop" value="gnome"/>
    <property name="sun.cpu.isalist" value=""/>
  </properties>
</testsuite>